[2024-10-20T15:15:24.181+0000] {processor.py:186} INFO - Started process (PID=4992) to work on /opt/airflow/dags/python_operator_v1.py
[2024-10-20T15:15:24.182+0000] {processor.py:914} INFO - Processing file /opt/airflow/dags/python_operator_v1.py for tasks to queue
[2024-10-20T15:15:24.184+0000] {logging_mixin.py:190} INFO - [2024-10-20T15:15:24.184+0000] {dagbag.py:588} INFO - Filling up the DagBag from /opt/airflow/dags/python_operator_v1.py
[2024-10-20T15:15:24.193+0000] {logging_mixin.py:190} INFO - [2024-10-20T15:15:24.193+0000] {dagbag.py:387} ERROR - Failed to import: /opt/airflow/dags/python_operator_v1.py
Traceback (most recent call last):
  File "/home/airflow/.local/lib/python3.12/site-packages/airflow/models/dagbag.py", line 383, in parse
    loader.exec_module(new_module)
  File "<frozen importlib._bootstrap_external>", line 991, in exec_module
  File "<frozen importlib._bootstrap_external>", line 1129, in get_code
  File "<frozen importlib._bootstrap_external>", line 1059, in source_to_code
  File "<frozen importlib._bootstrap>", line 488, in _call_with_frames_removed
  File "/opt/airflow/dags/python_operator_v1.py", line 14
    shedule= "* * * * *"
             ^
SyntaxError: invalid syntax. Perhaps you forgot a comma?
[2024-10-20T15:15:24.194+0000] {processor.py:927} WARNING - No viable dags retrieved from /opt/airflow/dags/python_operator_v1.py
[2024-10-20T15:15:24.209+0000] {processor.py:208} INFO - Processing /opt/airflow/dags/python_operator_v1.py took 0.032 seconds
[2024-10-20T15:15:54.281+0000] {processor.py:186} INFO - Started process (PID=5057) to work on /opt/airflow/dags/python_operator_v1.py
[2024-10-20T15:15:54.282+0000] {processor.py:914} INFO - Processing file /opt/airflow/dags/python_operator_v1.py for tasks to queue
[2024-10-20T15:15:54.284+0000] {logging_mixin.py:190} INFO - [2024-10-20T15:15:54.283+0000] {dagbag.py:588} INFO - Filling up the DagBag from /opt/airflow/dags/python_operator_v1.py
[2024-10-20T15:15:54.302+0000] {logging_mixin.py:190} INFO - [2024-10-20T15:15:54.301+0000] {dagbag.py:387} ERROR - Failed to import: /opt/airflow/dags/python_operator_v1.py
Traceback (most recent call last):
  File "/home/airflow/.local/lib/python3.12/site-packages/airflow/models/dagbag.py", line 383, in parse
    loader.exec_module(new_module)
  File "<frozen importlib._bootstrap_external>", line 991, in exec_module
  File "<frozen importlib._bootstrap_external>", line 1129, in get_code
  File "<frozen importlib._bootstrap_external>", line 1059, in source_to_code
  File "<frozen importlib._bootstrap>", line 488, in _call_with_frames_removed
  File "/opt/airflow/dags/python_operator_v1.py", line 14
    shedule= "* * * * *"
             ^
SyntaxError: invalid syntax. Perhaps you forgot a comma?
[2024-10-20T15:15:54.302+0000] {processor.py:927} WARNING - No viable dags retrieved from /opt/airflow/dags/python_operator_v1.py
[2024-10-20T15:15:54.318+0000] {processor.py:208} INFO - Processing /opt/airflow/dags/python_operator_v1.py took 0.042 seconds
[2024-10-20T15:16:24.473+0000] {processor.py:186} INFO - Started process (PID=5123) to work on /opt/airflow/dags/python_operator_v1.py
[2024-10-20T15:16:24.474+0000] {processor.py:914} INFO - Processing file /opt/airflow/dags/python_operator_v1.py for tasks to queue
[2024-10-20T15:16:24.476+0000] {logging_mixin.py:190} INFO - [2024-10-20T15:16:24.476+0000] {dagbag.py:588} INFO - Filling up the DagBag from /opt/airflow/dags/python_operator_v1.py
[2024-10-20T15:16:24.494+0000] {logging_mixin.py:190} INFO - [2024-10-20T15:16:24.493+0000] {dagbag.py:387} ERROR - Failed to import: /opt/airflow/dags/python_operator_v1.py
Traceback (most recent call last):
  File "/home/airflow/.local/lib/python3.12/site-packages/airflow/models/dagbag.py", line 383, in parse
    loader.exec_module(new_module)
  File "<frozen importlib._bootstrap_external>", line 991, in exec_module
  File "<frozen importlib._bootstrap_external>", line 1129, in get_code
  File "<frozen importlib._bootstrap_external>", line 1059, in source_to_code
  File "<frozen importlib._bootstrap>", line 488, in _call_with_frames_removed
  File "/opt/airflow/dags/python_operator_v1.py", line 14
    shedule= "* * * * *"
             ^
SyntaxError: invalid syntax. Perhaps you forgot a comma?
[2024-10-20T15:16:24.494+0000] {processor.py:927} WARNING - No viable dags retrieved from /opt/airflow/dags/python_operator_v1.py
[2024-10-20T15:16:24.509+0000] {processor.py:208} INFO - Processing /opt/airflow/dags/python_operator_v1.py took 0.041 seconds
[2024-10-20T15:16:55.162+0000] {processor.py:186} INFO - Started process (PID=5190) to work on /opt/airflow/dags/python_operator_v1.py
[2024-10-20T15:16:55.163+0000] {processor.py:914} INFO - Processing file /opt/airflow/dags/python_operator_v1.py for tasks to queue
[2024-10-20T15:16:55.165+0000] {logging_mixin.py:190} INFO - [2024-10-20T15:16:55.165+0000] {dagbag.py:588} INFO - Filling up the DagBag from /opt/airflow/dags/python_operator_v1.py
[2024-10-20T15:16:55.180+0000] {logging_mixin.py:190} INFO - [2024-10-20T15:16:55.179+0000] {dagbag.py:387} ERROR - Failed to import: /opt/airflow/dags/python_operator_v1.py
Traceback (most recent call last):
  File "/home/airflow/.local/lib/python3.12/site-packages/airflow/models/dagbag.py", line 383, in parse
    loader.exec_module(new_module)
  File "<frozen importlib._bootstrap_external>", line 991, in exec_module
  File "<frozen importlib._bootstrap_external>", line 1129, in get_code
  File "<frozen importlib._bootstrap_external>", line 1059, in source_to_code
  File "<frozen importlib._bootstrap>", line 488, in _call_with_frames_removed
  File "/opt/airflow/dags/python_operator_v1.py", line 14
    shedule= "* * * * *"
             ^
SyntaxError: invalid syntax. Perhaps you forgot a comma?
[2024-10-20T15:16:55.181+0000] {processor.py:927} WARNING - No viable dags retrieved from /opt/airflow/dags/python_operator_v1.py
[2024-10-20T15:16:55.207+0000] {processor.py:208} INFO - Processing /opt/airflow/dags/python_operator_v1.py took 0.049 seconds
[2024-10-20T15:17:26.013+0000] {processor.py:186} INFO - Started process (PID=5256) to work on /opt/airflow/dags/python_operator_v1.py
[2024-10-20T15:17:26.015+0000] {processor.py:914} INFO - Processing file /opt/airflow/dags/python_operator_v1.py for tasks to queue
[2024-10-20T15:17:26.018+0000] {logging_mixin.py:190} INFO - [2024-10-20T15:17:26.018+0000] {dagbag.py:588} INFO - Filling up the DagBag from /opt/airflow/dags/python_operator_v1.py
[2024-10-20T15:17:26.044+0000] {logging_mixin.py:190} INFO - [2024-10-20T15:17:26.043+0000] {dagbag.py:387} ERROR - Failed to import: /opt/airflow/dags/python_operator_v1.py
Traceback (most recent call last):
  File "/home/airflow/.local/lib/python3.12/site-packages/airflow/models/dagbag.py", line 383, in parse
    loader.exec_module(new_module)
  File "<frozen importlib._bootstrap_external>", line 991, in exec_module
  File "<frozen importlib._bootstrap_external>", line 1129, in get_code
  File "<frozen importlib._bootstrap_external>", line 1059, in source_to_code
  File "<frozen importlib._bootstrap>", line 488, in _call_with_frames_removed
  File "/opt/airflow/dags/python_operator_v1.py", line 14
    shedule= "* * * * *"
             ^
SyntaxError: invalid syntax. Perhaps you forgot a comma?
[2024-10-20T15:17:26.045+0000] {processor.py:927} WARNING - No viable dags retrieved from /opt/airflow/dags/python_operator_v1.py
[2024-10-20T15:17:26.064+0000] {processor.py:208} INFO - Processing /opt/airflow/dags/python_operator_v1.py took 0.055 seconds
[2024-10-20T15:17:56.345+0000] {processor.py:186} INFO - Started process (PID=5321) to work on /opt/airflow/dags/python_operator_v1.py
[2024-10-20T15:17:56.347+0000] {processor.py:914} INFO - Processing file /opt/airflow/dags/python_operator_v1.py for tasks to queue
[2024-10-20T15:17:56.349+0000] {logging_mixin.py:190} INFO - [2024-10-20T15:17:56.349+0000] {dagbag.py:588} INFO - Filling up the DagBag from /opt/airflow/dags/python_operator_v1.py
[2024-10-20T15:17:56.366+0000] {logging_mixin.py:190} INFO - [2024-10-20T15:17:56.365+0000] {dagbag.py:387} ERROR - Failed to import: /opt/airflow/dags/python_operator_v1.py
Traceback (most recent call last):
  File "/home/airflow/.local/lib/python3.12/site-packages/airflow/models/dagbag.py", line 383, in parse
    loader.exec_module(new_module)
  File "<frozen importlib._bootstrap_external>", line 991, in exec_module
  File "<frozen importlib._bootstrap_external>", line 1129, in get_code
  File "<frozen importlib._bootstrap_external>", line 1059, in source_to_code
  File "<frozen importlib._bootstrap>", line 488, in _call_with_frames_removed
  File "/opt/airflow/dags/python_operator_v1.py", line 14
    shedule= "* * * * *"
             ^
SyntaxError: invalid syntax. Perhaps you forgot a comma?
[2024-10-20T15:17:56.367+0000] {processor.py:927} WARNING - No viable dags retrieved from /opt/airflow/dags/python_operator_v1.py
[2024-10-20T15:17:56.384+0000] {processor.py:208} INFO - Processing /opt/airflow/dags/python_operator_v1.py took 0.044 seconds
[2024-10-20T15:18:26.737+0000] {processor.py:186} INFO - Started process (PID=5388) to work on /opt/airflow/dags/python_operator_v1.py
[2024-10-20T15:18:26.738+0000] {processor.py:914} INFO - Processing file /opt/airflow/dags/python_operator_v1.py for tasks to queue
[2024-10-20T15:18:26.741+0000] {logging_mixin.py:190} INFO - [2024-10-20T15:18:26.741+0000] {dagbag.py:588} INFO - Filling up the DagBag from /opt/airflow/dags/python_operator_v1.py
[2024-10-20T15:18:26.764+0000] {logging_mixin.py:190} INFO - [2024-10-20T15:18:26.764+0000] {dagbag.py:387} ERROR - Failed to import: /opt/airflow/dags/python_operator_v1.py
Traceback (most recent call last):
  File "/home/airflow/.local/lib/python3.12/site-packages/airflow/models/dagbag.py", line 383, in parse
    loader.exec_module(new_module)
  File "<frozen importlib._bootstrap_external>", line 991, in exec_module
  File "<frozen importlib._bootstrap_external>", line 1129, in get_code
  File "<frozen importlib._bootstrap_external>", line 1059, in source_to_code
  File "<frozen importlib._bootstrap>", line 488, in _call_with_frames_removed
  File "/opt/airflow/dags/python_operator_v1.py", line 14
    shedule= "* * * * *"
             ^
SyntaxError: invalid syntax. Perhaps you forgot a comma?
[2024-10-20T15:18:26.765+0000] {processor.py:927} WARNING - No viable dags retrieved from /opt/airflow/dags/python_operator_v1.py
[2024-10-20T15:18:26.780+0000] {processor.py:208} INFO - Processing /opt/airflow/dags/python_operator_v1.py took 0.048 seconds
[2024-10-20T15:18:27.793+0000] {processor.py:186} INFO - Started process (PID=5389) to work on /opt/airflow/dags/python_operator_v1.py
[2024-10-20T15:18:27.794+0000] {processor.py:914} INFO - Processing file /opt/airflow/dags/python_operator_v1.py for tasks to queue
[2024-10-20T15:18:27.796+0000] {logging_mixin.py:190} INFO - [2024-10-20T15:18:27.795+0000] {dagbag.py:588} INFO - Filling up the DagBag from /opt/airflow/dags/python_operator_v1.py
[2024-10-20T15:18:27.833+0000] {logging_mixin.py:190} INFO - [2024-10-20T15:18:27.825+0000] {dagbag.py:387} ERROR - Failed to import: /opt/airflow/dags/python_operator_v1.py
Traceback (most recent call last):
  File "/usr/local/lib/python3.12/zoneinfo/_common.py", line 12, in load_tzdata
    return resources.files(package_name).joinpath(resource_name).open("rb")
           ^^^^^^^^^^^^^^^^^^^^^^^^^^^^^
  File "/usr/local/lib/python3.12/importlib/resources/_common.py", line 46, in wrapper
    return func(anchor)
           ^^^^^^^^^^^^
  File "/usr/local/lib/python3.12/importlib/resources/_common.py", line 56, in files
    return from_package(resolve(anchor))
                        ^^^^^^^^^^^^^^^
  File "/usr/local/lib/python3.12/functools.py", line 907, in wrapper
    return dispatch(args[0].__class__)(*args, **kw)
           ^^^^^^^^^^^^^^^^^^^^^^^^^^^^^^^^^^^^^^^^
  File "/usr/local/lib/python3.12/importlib/resources/_common.py", line 82, in _
    return importlib.import_module(cand)
           ^^^^^^^^^^^^^^^^^^^^^^^^^^^^^
  File "/usr/local/lib/python3.12/importlib/__init__.py", line 90, in import_module
    return _bootstrap._gcd_import(name[level:], package, level)
           ^^^^^^^^^^^^^^^^^^^^^^^^^^^^^^^^^^^^^^^^^^^^^^^^^^^^
  File "<frozen importlib._bootstrap>", line 1387, in _gcd_import
  File "<frozen importlib._bootstrap>", line 1360, in _find_and_load
  File "<frozen importlib._bootstrap>", line 1324, in _find_and_load_unlocked
ModuleNotFoundError: No module named 'tzdata.zoneinfo.América'

During handling of the above exception, another exception occurred:

Traceback (most recent call last):
  File "/home/airflow/.local/lib/python3.12/site-packages/pendulum/tz/timezone.py", line 65, in __new__
    return super().__new__(cls, key)  # type: ignore[call-arg]
           ^^^^^^^^^^^^^^^^^^^^^^^^^
  File "/usr/local/lib/python3.12/zoneinfo/_common.py", line 24, in load_tzdata
    raise ZoneInfoNotFoundError(f"No time zone found with key {key}")
zoneinfo._common.ZoneInfoNotFoundError: 'No time zone found with key América/Sao_Paulo'

During handling of the above exception, another exception occurred:

Traceback (most recent call last):
  File "/home/airflow/.local/lib/python3.12/site-packages/airflow/models/dagbag.py", line 383, in parse
    loader.exec_module(new_module)
  File "<frozen importlib._bootstrap_external>", line 995, in exec_module
  File "<frozen importlib._bootstrap>", line 488, in _call_with_frames_removed
  File "/opt/airflow/dags/python_operator_v1.py", line 15, in <module>
    start_date = pendulum.datetime(2024, 10, 20, 12, 15, tz="América/Sao_Paulo"),
                 ^^^^^^^^^^^^^^^^^^^^^^^^^^^^^^^^^^^^^^^^^^^^^^^^^^^^^^^^^^^^^^^
  File "/home/airflow/.local/lib/python3.12/site-packages/pendulum/__init__.py", line 143, in datetime
    return DateTime.create(
           ^^^^^^^^^^^^^^^^
  File "/home/airflow/.local/lib/python3.12/site-packages/pendulum/datetime.py", line 103, in create
    tz = pendulum._safe_timezone(tz)
         ^^^^^^^^^^^^^^^^^^^^^^^^^^^
  File "/home/airflow/.local/lib/python3.12/site-packages/pendulum/__init__.py", line 124, in _safe_timezone
    return timezone(obj)
           ^^^^^^^^^^^^^
  File "/home/airflow/.local/lib/python3.12/site-packages/pendulum/__init__.py", line 86, in timezone
    return Timezone(name)
           ^^^^^^^^^^^^^^
  File "/home/airflow/.local/lib/python3.12/site-packages/pendulum/tz/timezone.py", line 67, in __new__
    raise InvalidTimezone(key)
pendulum.tz.exceptions.InvalidTimezone: América/Sao_Paulo
[2024-10-20T15:18:27.835+0000] {processor.py:927} WARNING - No viable dags retrieved from /opt/airflow/dags/python_operator_v1.py
[2024-10-20T15:18:27.851+0000] {processor.py:208} INFO - Processing /opt/airflow/dags/python_operator_v1.py took 0.063 seconds
[2024-10-20T15:18:58.377+0000] {processor.py:186} INFO - Started process (PID=5455) to work on /opt/airflow/dags/python_operator_v1.py
[2024-10-20T15:18:58.378+0000] {processor.py:914} INFO - Processing file /opt/airflow/dags/python_operator_v1.py for tasks to queue
[2024-10-20T15:18:58.381+0000] {logging_mixin.py:190} INFO - [2024-10-20T15:18:58.380+0000] {dagbag.py:588} INFO - Filling up the DagBag from /opt/airflow/dags/python_operator_v1.py
[2024-10-20T15:18:58.403+0000] {logging_mixin.py:190} INFO - [2024-10-20T15:18:58.399+0000] {dagbag.py:387} ERROR - Failed to import: /opt/airflow/dags/python_operator_v1.py
Traceback (most recent call last):
  File "/usr/local/lib/python3.12/zoneinfo/_common.py", line 12, in load_tzdata
    return resources.files(package_name).joinpath(resource_name).open("rb")
           ^^^^^^^^^^^^^^^^^^^^^^^^^^^^^
  File "/usr/local/lib/python3.12/importlib/resources/_common.py", line 46, in wrapper
    return func(anchor)
           ^^^^^^^^^^^^
  File "/usr/local/lib/python3.12/importlib/resources/_common.py", line 56, in files
    return from_package(resolve(anchor))
                        ^^^^^^^^^^^^^^^
  File "/usr/local/lib/python3.12/functools.py", line 907, in wrapper
    return dispatch(args[0].__class__)(*args, **kw)
           ^^^^^^^^^^^^^^^^^^^^^^^^^^^^^^^^^^^^^^^^
  File "/usr/local/lib/python3.12/importlib/resources/_common.py", line 82, in _
    return importlib.import_module(cand)
           ^^^^^^^^^^^^^^^^^^^^^^^^^^^^^
  File "/usr/local/lib/python3.12/importlib/__init__.py", line 90, in import_module
    return _bootstrap._gcd_import(name[level:], package, level)
           ^^^^^^^^^^^^^^^^^^^^^^^^^^^^^^^^^^^^^^^^^^^^^^^^^^^^
  File "<frozen importlib._bootstrap>", line 1387, in _gcd_import
  File "<frozen importlib._bootstrap>", line 1360, in _find_and_load
  File "<frozen importlib._bootstrap>", line 1324, in _find_and_load_unlocked
ModuleNotFoundError: No module named 'tzdata.zoneinfo.América'

During handling of the above exception, another exception occurred:

Traceback (most recent call last):
  File "/home/airflow/.local/lib/python3.12/site-packages/pendulum/tz/timezone.py", line 65, in __new__
    return super().__new__(cls, key)  # type: ignore[call-arg]
           ^^^^^^^^^^^^^^^^^^^^^^^^^
  File "/usr/local/lib/python3.12/zoneinfo/_common.py", line 24, in load_tzdata
    raise ZoneInfoNotFoundError(f"No time zone found with key {key}")
zoneinfo._common.ZoneInfoNotFoundError: 'No time zone found with key América/Sao_Paulo'

During handling of the above exception, another exception occurred:

Traceback (most recent call last):
  File "/home/airflow/.local/lib/python3.12/site-packages/airflow/models/dagbag.py", line 383, in parse
    loader.exec_module(new_module)
  File "<frozen importlib._bootstrap_external>", line 995, in exec_module
  File "<frozen importlib._bootstrap>", line 488, in _call_with_frames_removed
  File "/opt/airflow/dags/python_operator_v1.py", line 15, in <module>
    start_date = pendulum.datetime(2024, 10, 20, 12, 15, tz="América/Sao_Paulo"),
                 ^^^^^^^^^^^^^^^^^^^^^^^^^^^^^^^^^^^^^^^^^^^^^^^^^^^^^^^^^^^^^^^
  File "/home/airflow/.local/lib/python3.12/site-packages/pendulum/__init__.py", line 143, in datetime
    return DateTime.create(
           ^^^^^^^^^^^^^^^^
  File "/home/airflow/.local/lib/python3.12/site-packages/pendulum/datetime.py", line 103, in create
    tz = pendulum._safe_timezone(tz)
         ^^^^^^^^^^^^^^^^^^^^^^^^^^^
  File "/home/airflow/.local/lib/python3.12/site-packages/pendulum/__init__.py", line 124, in _safe_timezone
    return timezone(obj)
           ^^^^^^^^^^^^^
  File "/home/airflow/.local/lib/python3.12/site-packages/pendulum/__init__.py", line 86, in timezone
    return Timezone(name)
           ^^^^^^^^^^^^^^
  File "/home/airflow/.local/lib/python3.12/site-packages/pendulum/tz/timezone.py", line 67, in __new__
    raise InvalidTimezone(key)
pendulum.tz.exceptions.InvalidTimezone: América/Sao_Paulo
[2024-10-20T15:18:58.404+0000] {processor.py:927} WARNING - No viable dags retrieved from /opt/airflow/dags/python_operator_v1.py
[2024-10-20T15:18:58.419+0000] {processor.py:208} INFO - Processing /opt/airflow/dags/python_operator_v1.py took 0.047 seconds
[2024-10-20T15:19:29.005+0000] {processor.py:186} INFO - Started process (PID=5521) to work on /opt/airflow/dags/python_operator_v1.py
[2024-10-20T15:19:29.006+0000] {processor.py:914} INFO - Processing file /opt/airflow/dags/python_operator_v1.py for tasks to queue
[2024-10-20T15:19:29.009+0000] {logging_mixin.py:190} INFO - [2024-10-20T15:19:29.009+0000] {dagbag.py:588} INFO - Filling up the DagBag from /opt/airflow/dags/python_operator_v1.py
[2024-10-20T15:19:29.025+0000] {logging_mixin.py:190} INFO - [2024-10-20T15:19:29.021+0000] {dagbag.py:387} ERROR - Failed to import: /opt/airflow/dags/python_operator_v1.py
Traceback (most recent call last):
  File "/usr/local/lib/python3.12/zoneinfo/_common.py", line 12, in load_tzdata
    return resources.files(package_name).joinpath(resource_name).open("rb")
           ^^^^^^^^^^^^^^^^^^^^^^^^^^^^^
  File "/usr/local/lib/python3.12/importlib/resources/_common.py", line 46, in wrapper
    return func(anchor)
           ^^^^^^^^^^^^
  File "/usr/local/lib/python3.12/importlib/resources/_common.py", line 56, in files
    return from_package(resolve(anchor))
                        ^^^^^^^^^^^^^^^
  File "/usr/local/lib/python3.12/functools.py", line 907, in wrapper
    return dispatch(args[0].__class__)(*args, **kw)
           ^^^^^^^^^^^^^^^^^^^^^^^^^^^^^^^^^^^^^^^^
  File "/usr/local/lib/python3.12/importlib/resources/_common.py", line 82, in _
    return importlib.import_module(cand)
           ^^^^^^^^^^^^^^^^^^^^^^^^^^^^^
  File "/usr/local/lib/python3.12/importlib/__init__.py", line 90, in import_module
    return _bootstrap._gcd_import(name[level:], package, level)
           ^^^^^^^^^^^^^^^^^^^^^^^^^^^^^^^^^^^^^^^^^^^^^^^^^^^^
  File "<frozen importlib._bootstrap>", line 1387, in _gcd_import
  File "<frozen importlib._bootstrap>", line 1360, in _find_and_load
  File "<frozen importlib._bootstrap>", line 1324, in _find_and_load_unlocked
ModuleNotFoundError: No module named 'tzdata.zoneinfo.América'

During handling of the above exception, another exception occurred:

Traceback (most recent call last):
  File "/home/airflow/.local/lib/python3.12/site-packages/pendulum/tz/timezone.py", line 65, in __new__
    return super().__new__(cls, key)  # type: ignore[call-arg]
           ^^^^^^^^^^^^^^^^^^^^^^^^^
  File "/usr/local/lib/python3.12/zoneinfo/_common.py", line 24, in load_tzdata
    raise ZoneInfoNotFoundError(f"No time zone found with key {key}")
zoneinfo._common.ZoneInfoNotFoundError: 'No time zone found with key América/Sao_Paulo'

During handling of the above exception, another exception occurred:

Traceback (most recent call last):
  File "/home/airflow/.local/lib/python3.12/site-packages/airflow/models/dagbag.py", line 383, in parse
    loader.exec_module(new_module)
  File "<frozen importlib._bootstrap_external>", line 995, in exec_module
  File "<frozen importlib._bootstrap>", line 488, in _call_with_frames_removed
  File "/opt/airflow/dags/python_operator_v1.py", line 15, in <module>
    start_date = pendulum.datetime(2024, 10, 20, 12, 15, tz="América/Sao_Paulo"),
                 ^^^^^^^^^^^^^^^^^^^^^^^^^^^^^^^^^^^^^^^^^^^^^^^^^^^^^^^^^^^^^^^
  File "/home/airflow/.local/lib/python3.12/site-packages/pendulum/__init__.py", line 143, in datetime
    return DateTime.create(
           ^^^^^^^^^^^^^^^^
  File "/home/airflow/.local/lib/python3.12/site-packages/pendulum/datetime.py", line 103, in create
    tz = pendulum._safe_timezone(tz)
         ^^^^^^^^^^^^^^^^^^^^^^^^^^^
  File "/home/airflow/.local/lib/python3.12/site-packages/pendulum/__init__.py", line 124, in _safe_timezone
    return timezone(obj)
           ^^^^^^^^^^^^^
  File "/home/airflow/.local/lib/python3.12/site-packages/pendulum/__init__.py", line 86, in timezone
    return Timezone(name)
           ^^^^^^^^^^^^^^
  File "/home/airflow/.local/lib/python3.12/site-packages/pendulum/tz/timezone.py", line 67, in __new__
    raise InvalidTimezone(key)
pendulum.tz.exceptions.InvalidTimezone: América/Sao_Paulo
[2024-10-20T15:19:29.026+0000] {processor.py:927} WARNING - No viable dags retrieved from /opt/airflow/dags/python_operator_v1.py
[2024-10-20T15:19:29.047+0000] {processor.py:208} INFO - Processing /opt/airflow/dags/python_operator_v1.py took 0.047 seconds
[2024-10-20T15:19:59.557+0000] {processor.py:186} INFO - Started process (PID=5587) to work on /opt/airflow/dags/python_operator_v1.py
[2024-10-20T15:19:59.558+0000] {processor.py:914} INFO - Processing file /opt/airflow/dags/python_operator_v1.py for tasks to queue
[2024-10-20T15:19:59.561+0000] {logging_mixin.py:190} INFO - [2024-10-20T15:19:59.561+0000] {dagbag.py:588} INFO - Filling up the DagBag from /opt/airflow/dags/python_operator_v1.py
[2024-10-20T15:19:59.609+0000] {logging_mixin.py:190} INFO - [2024-10-20T15:19:59.604+0000] {dagbag.py:387} ERROR - Failed to import: /opt/airflow/dags/python_operator_v1.py
Traceback (most recent call last):
  File "/home/airflow/.local/lib/python3.12/site-packages/airflow/models/dagbag.py", line 383, in parse
    loader.exec_module(new_module)
  File "<frozen importlib._bootstrap_external>", line 995, in exec_module
  File "<frozen importlib._bootstrap>", line 488, in _call_with_frames_removed
  File "/opt/airflow/dags/python_operator_v1.py", line 12, in <module>
    with DAG(
         ^^^^
TypeError: DAG.__init__() got an unexpected keyword argument 'shedule'
[2024-10-20T15:19:59.611+0000] {processor.py:927} WARNING - No viable dags retrieved from /opt/airflow/dags/python_operator_v1.py
[2024-10-20T15:19:59.632+0000] {processor.py:208} INFO - Processing /opt/airflow/dags/python_operator_v1.py took 0.079 seconds
[2024-10-20T15:20:18.029+0000] {processor.py:186} INFO - Started process (PID=5590) to work on /opt/airflow/dags/python_operator_v1.py
[2024-10-20T15:20:18.030+0000] {processor.py:914} INFO - Processing file /opt/airflow/dags/python_operator_v1.py for tasks to queue
[2024-10-20T15:20:18.034+0000] {logging_mixin.py:190} INFO - [2024-10-20T15:20:18.033+0000] {dagbag.py:588} INFO - Filling up the DagBag from /opt/airflow/dags/python_operator_v1.py
[2024-10-20T15:20:18.059+0000] {processor.py:925} INFO - DAG(s) 'python_operator_v1' retrieved from /opt/airflow/dags/python_operator_v1.py
[2024-10-20T15:20:18.150+0000] {logging_mixin.py:190} INFO - [2024-10-20T15:20:18.149+0000] {override.py:1900} INFO - Created Permission View: can delete on DAG:python_operator_v1
[2024-10-20T15:20:18.162+0000] {logging_mixin.py:190} INFO - [2024-10-20T15:20:18.162+0000] {override.py:1900} INFO - Created Permission View: can read on DAG:python_operator_v1
[2024-10-20T15:20:18.170+0000] {logging_mixin.py:190} INFO - [2024-10-20T15:20:18.169+0000] {override.py:1900} INFO - Created Permission View: can edit on DAG:python_operator_v1
[2024-10-20T15:20:18.182+0000] {logging_mixin.py:190} INFO - [2024-10-20T15:20:18.182+0000] {override.py:1900} INFO - Created Permission View: menu access on DAG Run:python_operator_v1
[2024-10-20T15:20:18.191+0000] {logging_mixin.py:190} INFO - [2024-10-20T15:20:18.191+0000] {override.py:1900} INFO - Created Permission View: can delete on DAG Run:python_operator_v1
[2024-10-20T15:20:18.200+0000] {logging_mixin.py:190} INFO - [2024-10-20T15:20:18.200+0000] {override.py:1900} INFO - Created Permission View: can create on DAG Run:python_operator_v1
[2024-10-20T15:20:18.209+0000] {logging_mixin.py:190} INFO - [2024-10-20T15:20:18.209+0000] {override.py:1900} INFO - Created Permission View: can read on DAG Run:python_operator_v1
[2024-10-20T15:20:18.210+0000] {logging_mixin.py:190} INFO - [2024-10-20T15:20:18.210+0000] {dag.py:3239} INFO - Sync 1 DAGs
[2024-10-20T15:20:18.222+0000] {logging_mixin.py:190} INFO - [2024-10-20T15:20:18.221+0000] {dag.py:3262} INFO - Creating ORM DAG for python_operator_v1
[2024-10-20T15:20:18.233+0000] {logging_mixin.py:190} INFO - [2024-10-20T15:20:18.233+0000] {dag.py:4180} INFO - Setting next_dagrun for python_operator_v1 to 2024-10-20 15:15:00+00:00, run_after=2024-10-20 15:16:00+00:00
[2024-10-20T15:20:18.258+0000] {processor.py:208} INFO - Processing /opt/airflow/dags/python_operator_v1.py took 0.233 seconds
[2024-10-20T15:20:48.385+0000] {processor.py:186} INFO - Started process (PID=5657) to work on /opt/airflow/dags/python_operator_v1.py
[2024-10-20T15:20:48.386+0000] {processor.py:914} INFO - Processing file /opt/airflow/dags/python_operator_v1.py for tasks to queue
[2024-10-20T15:20:48.389+0000] {logging_mixin.py:190} INFO - [2024-10-20T15:20:48.389+0000] {dagbag.py:588} INFO - Filling up the DagBag from /opt/airflow/dags/python_operator_v1.py
[2024-10-20T15:20:48.419+0000] {processor.py:925} INFO - DAG(s) 'python_operator_v1' retrieved from /opt/airflow/dags/python_operator_v1.py
[2024-10-20T15:20:48.439+0000] {logging_mixin.py:190} INFO - [2024-10-20T15:20:48.439+0000] {dag.py:3239} INFO - Sync 1 DAGs
[2024-10-20T15:20:48.463+0000] {logging_mixin.py:190} INFO - [2024-10-20T15:20:48.463+0000] {dag.py:4180} INFO - Setting next_dagrun for python_operator_v1 to 2024-10-20 15:15:00+00:00, run_after=2024-10-20 15:16:00+00:00
[2024-10-20T15:20:48.485+0000] {processor.py:208} INFO - Processing /opt/airflow/dags/python_operator_v1.py took 0.108 seconds
[2024-10-20T15:21:18.813+0000] {processor.py:186} INFO - Started process (PID=5722) to work on /opt/airflow/dags/python_operator_v1.py
[2024-10-20T15:21:18.814+0000] {processor.py:914} INFO - Processing file /opt/airflow/dags/python_operator_v1.py for tasks to queue
[2024-10-20T15:21:18.817+0000] {logging_mixin.py:190} INFO - [2024-10-20T15:21:18.817+0000] {dagbag.py:588} INFO - Filling up the DagBag from /opt/airflow/dags/python_operator_v1.py
[2024-10-20T15:21:18.843+0000] {processor.py:925} INFO - DAG(s) 'python_operator_v1' retrieved from /opt/airflow/dags/python_operator_v1.py
[2024-10-20T15:21:18.865+0000] {logging_mixin.py:190} INFO - [2024-10-20T15:21:18.865+0000] {dag.py:3239} INFO - Sync 1 DAGs
[2024-10-20T15:21:18.891+0000] {logging_mixin.py:190} INFO - [2024-10-20T15:21:18.891+0000] {dag.py:4180} INFO - Setting next_dagrun for python_operator_v1 to 2024-10-20 15:21:00+00:00, run_after=2024-10-20 15:22:00+00:00
[2024-10-20T15:21:18.918+0000] {processor.py:208} INFO - Processing /opt/airflow/dags/python_operator_v1.py took 0.114 seconds
[2024-10-20T15:21:49.355+0000] {processor.py:186} INFO - Started process (PID=5787) to work on /opt/airflow/dags/python_operator_v1.py
[2024-10-20T15:21:49.356+0000] {processor.py:914} INFO - Processing file /opt/airflow/dags/python_operator_v1.py for tasks to queue
[2024-10-20T15:21:49.359+0000] {logging_mixin.py:190} INFO - [2024-10-20T15:21:49.358+0000] {dagbag.py:588} INFO - Filling up the DagBag from /opt/airflow/dags/python_operator_v1.py
[2024-10-20T15:21:49.375+0000] {processor.py:925} INFO - DAG(s) 'python_operator_v1' retrieved from /opt/airflow/dags/python_operator_v1.py
[2024-10-20T15:21:49.393+0000] {logging_mixin.py:190} INFO - [2024-10-20T15:21:49.393+0000] {dag.py:3239} INFO - Sync 1 DAGs
[2024-10-20T15:21:49.416+0000] {logging_mixin.py:190} INFO - [2024-10-20T15:21:49.416+0000] {dag.py:4180} INFO - Setting next_dagrun for python_operator_v1 to 2024-10-20 15:21:00+00:00, run_after=2024-10-20 15:22:00+00:00
[2024-10-20T15:21:49.439+0000] {processor.py:208} INFO - Processing /opt/airflow/dags/python_operator_v1.py took 0.089 seconds
[2024-10-20T15:22:19.593+0000] {processor.py:186} INFO - Started process (PID=5854) to work on /opt/airflow/dags/python_operator_v1.py
[2024-10-20T15:22:19.594+0000] {processor.py:914} INFO - Processing file /opt/airflow/dags/python_operator_v1.py for tasks to queue
[2024-10-20T15:22:19.597+0000] {logging_mixin.py:190} INFO - [2024-10-20T15:22:19.596+0000] {dagbag.py:588} INFO - Filling up the DagBag from /opt/airflow/dags/python_operator_v1.py
[2024-10-20T15:22:19.613+0000] {processor.py:925} INFO - DAG(s) 'python_operator_v1' retrieved from /opt/airflow/dags/python_operator_v1.py
[2024-10-20T15:22:19.636+0000] {logging_mixin.py:190} INFO - [2024-10-20T15:22:19.636+0000] {dag.py:3239} INFO - Sync 1 DAGs
[2024-10-20T15:22:19.667+0000] {logging_mixin.py:190} INFO - [2024-10-20T15:22:19.667+0000] {dag.py:4180} INFO - Setting next_dagrun for python_operator_v1 to 2024-10-20 15:22:00+00:00, run_after=2024-10-20 15:23:00+00:00
[2024-10-20T15:22:19.694+0000] {processor.py:208} INFO - Processing /opt/airflow/dags/python_operator_v1.py took 0.107 seconds
[2024-10-20T15:22:50.061+0000] {processor.py:186} INFO - Started process (PID=5920) to work on /opt/airflow/dags/python_operator_v1.py
[2024-10-20T15:22:50.062+0000] {processor.py:914} INFO - Processing file /opt/airflow/dags/python_operator_v1.py for tasks to queue
[2024-10-20T15:22:50.065+0000] {logging_mixin.py:190} INFO - [2024-10-20T15:22:50.065+0000] {dagbag.py:588} INFO - Filling up the DagBag from /opt/airflow/dags/python_operator_v1.py
[2024-10-20T15:22:50.102+0000] {processor.py:925} INFO - DAG(s) 'python_operator_v1' retrieved from /opt/airflow/dags/python_operator_v1.py
[2024-10-20T15:22:50.126+0000] {logging_mixin.py:190} INFO - [2024-10-20T15:22:50.126+0000] {dag.py:3239} INFO - Sync 1 DAGs
[2024-10-20T15:22:50.154+0000] {logging_mixin.py:190} INFO - [2024-10-20T15:22:50.154+0000] {dag.py:4180} INFO - Setting next_dagrun for python_operator_v1 to 2024-10-20 15:22:00+00:00, run_after=2024-10-20 15:23:00+00:00
[2024-10-20T15:22:50.171+0000] {processor.py:208} INFO - Processing /opt/airflow/dags/python_operator_v1.py took 0.116 seconds
[2024-10-20T15:23:20.347+0000] {processor.py:186} INFO - Started process (PID=5992) to work on /opt/airflow/dags/python_operator_v1.py
[2024-10-20T15:23:20.348+0000] {processor.py:914} INFO - Processing file /opt/airflow/dags/python_operator_v1.py for tasks to queue
[2024-10-20T15:23:20.352+0000] {logging_mixin.py:190} INFO - [2024-10-20T15:23:20.351+0000] {dagbag.py:588} INFO - Filling up the DagBag from /opt/airflow/dags/python_operator_v1.py
[2024-10-20T15:23:20.370+0000] {processor.py:925} INFO - DAG(s) 'python_operator_v1' retrieved from /opt/airflow/dags/python_operator_v1.py
[2024-10-20T15:23:20.386+0000] {logging_mixin.py:190} INFO - [2024-10-20T15:23:20.386+0000] {dag.py:3239} INFO - Sync 1 DAGs
[2024-10-20T15:23:20.406+0000] {logging_mixin.py:190} INFO - [2024-10-20T15:23:20.406+0000] {dag.py:4180} INFO - Setting next_dagrun for python_operator_v1 to 2024-10-20 15:23:00+00:00, run_after=2024-10-20 15:24:00+00:00
[2024-10-20T15:23:20.427+0000] {processor.py:208} INFO - Processing /opt/airflow/dags/python_operator_v1.py took 0.086 seconds
[2024-10-20T15:23:50.733+0000] {processor.py:186} INFO - Started process (PID=6058) to work on /opt/airflow/dags/python_operator_v1.py
[2024-10-20T15:23:50.735+0000] {processor.py:914} INFO - Processing file /opt/airflow/dags/python_operator_v1.py for tasks to queue
[2024-10-20T15:23:50.738+0000] {logging_mixin.py:190} INFO - [2024-10-20T15:23:50.737+0000] {dagbag.py:588} INFO - Filling up the DagBag from /opt/airflow/dags/python_operator_v1.py
[2024-10-20T15:23:50.761+0000] {processor.py:925} INFO - DAG(s) 'python_operator_v1' retrieved from /opt/airflow/dags/python_operator_v1.py
[2024-10-20T15:23:50.777+0000] {logging_mixin.py:190} INFO - [2024-10-20T15:23:50.777+0000] {dag.py:3239} INFO - Sync 1 DAGs
[2024-10-20T15:23:50.797+0000] {logging_mixin.py:190} INFO - [2024-10-20T15:23:50.797+0000] {dag.py:4180} INFO - Setting next_dagrun for python_operator_v1 to 2024-10-20 15:23:00+00:00, run_after=2024-10-20 15:24:00+00:00
[2024-10-20T15:23:50.817+0000] {processor.py:208} INFO - Processing /opt/airflow/dags/python_operator_v1.py took 0.089 seconds
[2024-10-20T15:24:20.994+0000] {processor.py:186} INFO - Started process (PID=6124) to work on /opt/airflow/dags/python_operator_v1.py
[2024-10-20T15:24:20.996+0000] {processor.py:914} INFO - Processing file /opt/airflow/dags/python_operator_v1.py for tasks to queue
[2024-10-20T15:24:20.999+0000] {logging_mixin.py:190} INFO - [2024-10-20T15:24:20.999+0000] {dagbag.py:588} INFO - Filling up the DagBag from /opt/airflow/dags/python_operator_v1.py
[2024-10-20T15:24:21.017+0000] {processor.py:925} INFO - DAG(s) 'python_operator_v1' retrieved from /opt/airflow/dags/python_operator_v1.py
[2024-10-20T15:24:21.034+0000] {logging_mixin.py:190} INFO - [2024-10-20T15:24:21.033+0000] {dag.py:3239} INFO - Sync 1 DAGs
[2024-10-20T15:24:21.055+0000] {logging_mixin.py:190} INFO - [2024-10-20T15:24:21.055+0000] {dag.py:4180} INFO - Setting next_dagrun for python_operator_v1 to 2024-10-20 15:23:00+00:00, run_after=2024-10-20 15:24:00+00:00
[2024-10-20T15:24:21.077+0000] {processor.py:208} INFO - Processing /opt/airflow/dags/python_operator_v1.py took 0.088 seconds
[2024-10-20T15:24:51.189+0000] {processor.py:186} INFO - Started process (PID=6190) to work on /opt/airflow/dags/python_operator_v1.py
[2024-10-20T15:24:51.191+0000] {processor.py:914} INFO - Processing file /opt/airflow/dags/python_operator_v1.py for tasks to queue
[2024-10-20T15:24:51.194+0000] {logging_mixin.py:190} INFO - [2024-10-20T15:24:51.194+0000] {dagbag.py:588} INFO - Filling up the DagBag from /opt/airflow/dags/python_operator_v1.py
[2024-10-20T15:24:51.211+0000] {processor.py:925} INFO - DAG(s) 'python_operator_v1' retrieved from /opt/airflow/dags/python_operator_v1.py
[2024-10-20T15:24:51.226+0000] {logging_mixin.py:190} INFO - [2024-10-20T15:24:51.226+0000] {dag.py:3239} INFO - Sync 1 DAGs
[2024-10-20T15:24:51.247+0000] {logging_mixin.py:190} INFO - [2024-10-20T15:24:51.247+0000] {dag.py:4180} INFO - Setting next_dagrun for python_operator_v1 to 2024-10-20 15:23:00+00:00, run_after=2024-10-20 15:24:00+00:00
[2024-10-20T15:24:51.267+0000] {processor.py:208} INFO - Processing /opt/airflow/dags/python_operator_v1.py took 0.083 seconds
[2024-10-20T15:25:21.531+0000] {processor.py:186} INFO - Started process (PID=6257) to work on /opt/airflow/dags/python_operator_v1.py
[2024-10-20T15:25:21.532+0000] {processor.py:914} INFO - Processing file /opt/airflow/dags/python_operator_v1.py for tasks to queue
[2024-10-20T15:25:21.535+0000] {logging_mixin.py:190} INFO - [2024-10-20T15:25:21.535+0000] {dagbag.py:588} INFO - Filling up the DagBag from /opt/airflow/dags/python_operator_v1.py
[2024-10-20T15:25:21.553+0000] {processor.py:925} INFO - DAG(s) 'python_operator_v1' retrieved from /opt/airflow/dags/python_operator_v1.py
[2024-10-20T15:25:21.570+0000] {logging_mixin.py:190} INFO - [2024-10-20T15:25:21.569+0000] {dag.py:3239} INFO - Sync 1 DAGs
[2024-10-20T15:25:21.591+0000] {logging_mixin.py:190} INFO - [2024-10-20T15:25:21.591+0000] {dag.py:4180} INFO - Setting next_dagrun for python_operator_v1 to 2024-10-20 15:23:00+00:00, run_after=2024-10-20 15:24:00+00:00
[2024-10-20T15:25:21.614+0000] {processor.py:208} INFO - Processing /opt/airflow/dags/python_operator_v1.py took 0.088 seconds
[2024-10-20T15:25:52.001+0000] {processor.py:186} INFO - Started process (PID=6323) to work on /opt/airflow/dags/python_operator_v1.py
[2024-10-20T15:25:52.002+0000] {processor.py:914} INFO - Processing file /opt/airflow/dags/python_operator_v1.py for tasks to queue
[2024-10-20T15:25:52.008+0000] {logging_mixin.py:190} INFO - [2024-10-20T15:25:52.007+0000] {dagbag.py:588} INFO - Filling up the DagBag from /opt/airflow/dags/python_operator_v1.py
[2024-10-20T15:25:52.038+0000] {processor.py:925} INFO - DAG(s) 'python_operator_v1' retrieved from /opt/airflow/dags/python_operator_v1.py
[2024-10-20T15:25:52.058+0000] {logging_mixin.py:190} INFO - [2024-10-20T15:25:52.057+0000] {dag.py:3239} INFO - Sync 1 DAGs
[2024-10-20T15:25:52.080+0000] {logging_mixin.py:190} INFO - [2024-10-20T15:25:52.079+0000] {dag.py:4180} INFO - Setting next_dagrun for python_operator_v1 to 2024-10-20 15:23:00+00:00, run_after=2024-10-20 15:24:00+00:00
[2024-10-20T15:25:52.101+0000] {processor.py:208} INFO - Processing /opt/airflow/dags/python_operator_v1.py took 0.105 seconds
[2024-10-20T15:26:22.284+0000] {processor.py:186} INFO - Started process (PID=6389) to work on /opt/airflow/dags/python_operator_v1.py
[2024-10-20T15:26:22.285+0000] {processor.py:914} INFO - Processing file /opt/airflow/dags/python_operator_v1.py for tasks to queue
[2024-10-20T15:26:22.287+0000] {logging_mixin.py:190} INFO - [2024-10-20T15:26:22.287+0000] {dagbag.py:588} INFO - Filling up the DagBag from /opt/airflow/dags/python_operator_v1.py
[2024-10-20T15:26:22.304+0000] {processor.py:925} INFO - DAG(s) 'python_operator_v1' retrieved from /opt/airflow/dags/python_operator_v1.py
[2024-10-20T15:26:22.321+0000] {logging_mixin.py:190} INFO - [2024-10-20T15:26:22.321+0000] {dag.py:3239} INFO - Sync 1 DAGs
[2024-10-20T15:26:22.341+0000] {logging_mixin.py:190} INFO - [2024-10-20T15:26:22.341+0000] {dag.py:4180} INFO - Setting next_dagrun for python_operator_v1 to 2024-10-20 15:23:00+00:00, run_after=2024-10-20 15:24:00+00:00
[2024-10-20T15:26:22.358+0000] {processor.py:208} INFO - Processing /opt/airflow/dags/python_operator_v1.py took 0.081 seconds
[2024-10-20T15:26:52.482+0000] {processor.py:186} INFO - Started process (PID=6454) to work on /opt/airflow/dags/python_operator_v1.py
[2024-10-20T15:26:52.483+0000] {processor.py:914} INFO - Processing file /opt/airflow/dags/python_operator_v1.py for tasks to queue
[2024-10-20T15:26:52.486+0000] {logging_mixin.py:190} INFO - [2024-10-20T15:26:52.485+0000] {dagbag.py:588} INFO - Filling up the DagBag from /opt/airflow/dags/python_operator_v1.py
[2024-10-20T15:26:52.502+0000] {processor.py:925} INFO - DAG(s) 'python_operator_v1' retrieved from /opt/airflow/dags/python_operator_v1.py
[2024-10-20T15:26:52.523+0000] {logging_mixin.py:190} INFO - [2024-10-20T15:26:52.523+0000] {dag.py:3239} INFO - Sync 1 DAGs
[2024-10-20T15:26:52.547+0000] {logging_mixin.py:190} INFO - [2024-10-20T15:26:52.546+0000] {dag.py:4180} INFO - Setting next_dagrun for python_operator_v1 to 2024-10-20 15:23:00+00:00, run_after=2024-10-20 15:24:00+00:00
[2024-10-20T15:26:52.566+0000] {processor.py:208} INFO - Processing /opt/airflow/dags/python_operator_v1.py took 0.089 seconds
[2024-10-20T15:27:23.475+0000] {processor.py:186} INFO - Started process (PID=6519) to work on /opt/airflow/dags/python_operator_v1.py
[2024-10-20T15:27:23.477+0000] {processor.py:914} INFO - Processing file /opt/airflow/dags/python_operator_v1.py for tasks to queue
[2024-10-20T15:27:23.481+0000] {logging_mixin.py:190} INFO - [2024-10-20T15:27:23.481+0000] {dagbag.py:588} INFO - Filling up the DagBag from /opt/airflow/dags/python_operator_v1.py
[2024-10-20T15:27:23.509+0000] {processor.py:925} INFO - DAG(s) 'python_operator_v1' retrieved from /opt/airflow/dags/python_operator_v1.py
[2024-10-20T15:27:23.529+0000] {logging_mixin.py:190} INFO - [2024-10-20T15:27:23.528+0000] {dag.py:3239} INFO - Sync 1 DAGs
[2024-10-20T15:27:23.554+0000] {logging_mixin.py:190} INFO - [2024-10-20T15:27:23.554+0000] {dag.py:4180} INFO - Setting next_dagrun for python_operator_v1 to 2024-10-20 15:23:00+00:00, run_after=2024-10-20 15:24:00+00:00
[2024-10-20T15:27:23.576+0000] {processor.py:208} INFO - Processing /opt/airflow/dags/python_operator_v1.py took 0.108 seconds
[2024-10-20T15:27:54.323+0000] {processor.py:186} INFO - Started process (PID=6585) to work on /opt/airflow/dags/python_operator_v1.py
[2024-10-20T15:27:54.324+0000] {processor.py:914} INFO - Processing file /opt/airflow/dags/python_operator_v1.py for tasks to queue
[2024-10-20T15:27:54.327+0000] {logging_mixin.py:190} INFO - [2024-10-20T15:27:54.326+0000] {dagbag.py:588} INFO - Filling up the DagBag from /opt/airflow/dags/python_operator_v1.py
[2024-10-20T15:27:54.348+0000] {processor.py:925} INFO - DAG(s) 'python_operator_v1' retrieved from /opt/airflow/dags/python_operator_v1.py
[2024-10-20T15:27:54.366+0000] {logging_mixin.py:190} INFO - [2024-10-20T15:27:54.366+0000] {dag.py:3239} INFO - Sync 1 DAGs
[2024-10-20T15:27:54.391+0000] {logging_mixin.py:190} INFO - [2024-10-20T15:27:54.391+0000] {dag.py:4180} INFO - Setting next_dagrun for python_operator_v1 to 2024-10-20 15:23:00+00:00, run_after=2024-10-20 15:24:00+00:00
[2024-10-20T15:27:54.409+0000] {processor.py:208} INFO - Processing /opt/airflow/dags/python_operator_v1.py took 0.091 seconds
[2024-10-20T15:28:24.511+0000] {processor.py:186} INFO - Started process (PID=6652) to work on /opt/airflow/dags/python_operator_v1.py
[2024-10-20T15:28:24.512+0000] {processor.py:914} INFO - Processing file /opt/airflow/dags/python_operator_v1.py for tasks to queue
[2024-10-20T15:28:24.515+0000] {logging_mixin.py:190} INFO - [2024-10-20T15:28:24.514+0000] {dagbag.py:588} INFO - Filling up the DagBag from /opt/airflow/dags/python_operator_v1.py
[2024-10-20T15:28:24.529+0000] {processor.py:925} INFO - DAG(s) 'python_operator_v1' retrieved from /opt/airflow/dags/python_operator_v1.py
[2024-10-20T15:28:24.547+0000] {logging_mixin.py:190} INFO - [2024-10-20T15:28:24.547+0000] {dag.py:3239} INFO - Sync 1 DAGs
[2024-10-20T15:28:24.569+0000] {logging_mixin.py:190} INFO - [2024-10-20T15:28:24.569+0000] {dag.py:4180} INFO - Setting next_dagrun for python_operator_v1 to 2024-10-20 15:23:00+00:00, run_after=2024-10-20 15:24:00+00:00
[2024-10-20T15:28:24.586+0000] {processor.py:208} INFO - Processing /opt/airflow/dags/python_operator_v1.py took 0.080 seconds
[2024-10-20T15:28:54.796+0000] {processor.py:186} INFO - Started process (PID=6719) to work on /opt/airflow/dags/python_operator_v1.py
[2024-10-20T15:28:54.797+0000] {processor.py:914} INFO - Processing file /opt/airflow/dags/python_operator_v1.py for tasks to queue
[2024-10-20T15:28:54.800+0000] {logging_mixin.py:190} INFO - [2024-10-20T15:28:54.800+0000] {dagbag.py:588} INFO - Filling up the DagBag from /opt/airflow/dags/python_operator_v1.py
[2024-10-20T15:28:54.823+0000] {processor.py:925} INFO - DAG(s) 'python_operator_v1' retrieved from /opt/airflow/dags/python_operator_v1.py
[2024-10-20T15:28:54.842+0000] {logging_mixin.py:190} INFO - [2024-10-20T15:28:54.842+0000] {dag.py:3239} INFO - Sync 1 DAGs
[2024-10-20T15:28:54.865+0000] {logging_mixin.py:190} INFO - [2024-10-20T15:28:54.865+0000] {dag.py:4180} INFO - Setting next_dagrun for python_operator_v1 to 2024-10-20 15:23:00+00:00, run_after=2024-10-20 15:24:00+00:00
[2024-10-20T15:28:54.886+0000] {processor.py:208} INFO - Processing /opt/airflow/dags/python_operator_v1.py took 0.097 seconds
[2024-10-20T15:29:24.957+0000] {processor.py:186} INFO - Started process (PID=6785) to work on /opt/airflow/dags/python_operator_v1.py
[2024-10-20T15:29:24.958+0000] {processor.py:914} INFO - Processing file /opt/airflow/dags/python_operator_v1.py for tasks to queue
[2024-10-20T15:29:24.962+0000] {logging_mixin.py:190} INFO - [2024-10-20T15:29:24.962+0000] {dagbag.py:588} INFO - Filling up the DagBag from /opt/airflow/dags/python_operator_v1.py
[2024-10-20T15:29:24.987+0000] {processor.py:925} INFO - DAG(s) 'python_operator_v1' retrieved from /opt/airflow/dags/python_operator_v1.py
[2024-10-20T15:29:25.008+0000] {logging_mixin.py:190} INFO - [2024-10-20T15:29:25.007+0000] {dag.py:3239} INFO - Sync 1 DAGs
[2024-10-20T15:29:25.029+0000] {logging_mixin.py:190} INFO - [2024-10-20T15:29:25.029+0000] {dag.py:4180} INFO - Setting next_dagrun for python_operator_v1 to 2024-10-20 15:23:00+00:00, run_after=2024-10-20 15:24:00+00:00
[2024-10-20T15:29:25.063+0000] {processor.py:208} INFO - Processing /opt/airflow/dags/python_operator_v1.py took 0.112 seconds
[2024-10-20T15:29:55.127+0000] {processor.py:186} INFO - Started process (PID=6851) to work on /opt/airflow/dags/python_operator_v1.py
[2024-10-20T15:29:55.127+0000] {processor.py:914} INFO - Processing file /opt/airflow/dags/python_operator_v1.py for tasks to queue
[2024-10-20T15:29:55.129+0000] {logging_mixin.py:190} INFO - [2024-10-20T15:29:55.129+0000] {dagbag.py:588} INFO - Filling up the DagBag from /opt/airflow/dags/python_operator_v1.py
[2024-10-20T15:29:55.145+0000] {processor.py:925} INFO - DAG(s) 'python_operator_v1' retrieved from /opt/airflow/dags/python_operator_v1.py
[2024-10-20T15:29:55.164+0000] {logging_mixin.py:190} INFO - [2024-10-20T15:29:55.164+0000] {dag.py:3239} INFO - Sync 1 DAGs
[2024-10-20T15:29:55.186+0000] {logging_mixin.py:190} INFO - [2024-10-20T15:29:55.186+0000] {dag.py:4180} INFO - Setting next_dagrun for python_operator_v1 to 2024-10-20 15:23:00+00:00, run_after=2024-10-20 15:24:00+00:00
[2024-10-20T15:29:55.208+0000] {processor.py:208} INFO - Processing /opt/airflow/dags/python_operator_v1.py took 0.088 seconds
[2024-10-20T15:30:25.281+0000] {processor.py:186} INFO - Started process (PID=6918) to work on /opt/airflow/dags/python_operator_v1.py
[2024-10-20T15:30:25.282+0000] {processor.py:914} INFO - Processing file /opt/airflow/dags/python_operator_v1.py for tasks to queue
[2024-10-20T15:30:25.284+0000] {logging_mixin.py:190} INFO - [2024-10-20T15:30:25.283+0000] {dagbag.py:588} INFO - Filling up the DagBag from /opt/airflow/dags/python_operator_v1.py
[2024-10-20T15:30:25.310+0000] {processor.py:925} INFO - DAG(s) 'python_operator_v1' retrieved from /opt/airflow/dags/python_operator_v1.py
[2024-10-20T15:30:25.332+0000] {logging_mixin.py:190} INFO - [2024-10-20T15:30:25.331+0000] {dag.py:3239} INFO - Sync 1 DAGs
[2024-10-20T15:30:25.355+0000] {logging_mixin.py:190} INFO - [2024-10-20T15:30:25.355+0000] {dag.py:4180} INFO - Setting next_dagrun for python_operator_v1 to 2024-10-20 15:23:00+00:00, run_after=2024-10-20 15:24:00+00:00
[2024-10-20T15:30:25.375+0000] {processor.py:208} INFO - Processing /opt/airflow/dags/python_operator_v1.py took 0.100 seconds
[2024-10-20T15:30:55.742+0000] {processor.py:186} INFO - Started process (PID=6985) to work on /opt/airflow/dags/python_operator_v1.py
[2024-10-20T15:30:55.743+0000] {processor.py:914} INFO - Processing file /opt/airflow/dags/python_operator_v1.py for tasks to queue
[2024-10-20T15:30:55.746+0000] {logging_mixin.py:190} INFO - [2024-10-20T15:30:55.745+0000] {dagbag.py:588} INFO - Filling up the DagBag from /opt/airflow/dags/python_operator_v1.py
[2024-10-20T15:30:55.764+0000] {processor.py:925} INFO - DAG(s) 'python_operator_v1' retrieved from /opt/airflow/dags/python_operator_v1.py
[2024-10-20T15:30:55.783+0000] {logging_mixin.py:190} INFO - [2024-10-20T15:30:55.782+0000] {dag.py:3239} INFO - Sync 1 DAGs
[2024-10-20T15:30:55.805+0000] {logging_mixin.py:190} INFO - [2024-10-20T15:30:55.805+0000] {dag.py:4180} INFO - Setting next_dagrun for python_operator_v1 to 2024-10-20 15:23:00+00:00, run_after=2024-10-20 15:24:00+00:00
[2024-10-20T15:30:55.826+0000] {processor.py:208} INFO - Processing /opt/airflow/dags/python_operator_v1.py took 0.090 seconds
[2024-10-20T15:31:25.950+0000] {processor.py:186} INFO - Started process (PID=7052) to work on /opt/airflow/dags/python_operator_v1.py
[2024-10-20T15:31:25.951+0000] {processor.py:914} INFO - Processing file /opt/airflow/dags/python_operator_v1.py for tasks to queue
[2024-10-20T15:31:25.953+0000] {logging_mixin.py:190} INFO - [2024-10-20T15:31:25.953+0000] {dagbag.py:588} INFO - Filling up the DagBag from /opt/airflow/dags/python_operator_v1.py
[2024-10-20T15:31:25.970+0000] {processor.py:925} INFO - DAG(s) 'python_operator_v1' retrieved from /opt/airflow/dags/python_operator_v1.py
[2024-10-20T15:31:25.991+0000] {logging_mixin.py:190} INFO - [2024-10-20T15:31:25.991+0000] {dag.py:3239} INFO - Sync 1 DAGs
[2024-10-20T15:31:26.017+0000] {logging_mixin.py:190} INFO - [2024-10-20T15:31:26.017+0000] {dag.py:4180} INFO - Setting next_dagrun for python_operator_v1 to 2024-10-20 15:23:00+00:00, run_after=2024-10-20 15:24:00+00:00
[2024-10-20T15:31:26.037+0000] {processor.py:208} INFO - Processing /opt/airflow/dags/python_operator_v1.py took 0.092 seconds
[2024-10-20T15:31:56.367+0000] {processor.py:186} INFO - Started process (PID=7119) to work on /opt/airflow/dags/python_operator_v1.py
[2024-10-20T15:31:56.368+0000] {processor.py:914} INFO - Processing file /opt/airflow/dags/python_operator_v1.py for tasks to queue
[2024-10-20T15:31:56.370+0000] {logging_mixin.py:190} INFO - [2024-10-20T15:31:56.370+0000] {dagbag.py:588} INFO - Filling up the DagBag from /opt/airflow/dags/python_operator_v1.py
[2024-10-20T15:31:56.391+0000] {processor.py:925} INFO - DAG(s) 'python_operator_v1' retrieved from /opt/airflow/dags/python_operator_v1.py
[2024-10-20T15:31:56.411+0000] {logging_mixin.py:190} INFO - [2024-10-20T15:31:56.411+0000] {dag.py:3239} INFO - Sync 1 DAGs
[2024-10-20T15:31:56.433+0000] {logging_mixin.py:190} INFO - [2024-10-20T15:31:56.433+0000] {dag.py:4180} INFO - Setting next_dagrun for python_operator_v1 to 2024-10-20 15:23:00+00:00, run_after=2024-10-20 15:24:00+00:00
[2024-10-20T15:31:56.451+0000] {processor.py:208} INFO - Processing /opt/airflow/dags/python_operator_v1.py took 0.092 seconds
[2024-10-20T15:32:26.554+0000] {processor.py:186} INFO - Started process (PID=7186) to work on /opt/airflow/dags/python_operator_v1.py
[2024-10-20T15:32:26.556+0000] {processor.py:914} INFO - Processing file /opt/airflow/dags/python_operator_v1.py for tasks to queue
[2024-10-20T15:32:26.559+0000] {logging_mixin.py:190} INFO - [2024-10-20T15:32:26.558+0000] {dagbag.py:588} INFO - Filling up the DagBag from /opt/airflow/dags/python_operator_v1.py
[2024-10-20T15:32:26.587+0000] {processor.py:925} INFO - DAG(s) 'python_operator_v1' retrieved from /opt/airflow/dags/python_operator_v1.py
[2024-10-20T15:32:26.606+0000] {logging_mixin.py:190} INFO - [2024-10-20T15:32:26.606+0000] {dag.py:3239} INFO - Sync 1 DAGs
[2024-10-20T15:32:26.630+0000] {logging_mixin.py:190} INFO - [2024-10-20T15:32:26.629+0000] {dag.py:4180} INFO - Setting next_dagrun for python_operator_v1 to 2024-10-20 15:23:00+00:00, run_after=2024-10-20 15:24:00+00:00
[2024-10-20T15:32:26.652+0000] {processor.py:208} INFO - Processing /opt/airflow/dags/python_operator_v1.py took 0.105 seconds
[2024-10-20T15:32:57.586+0000] {processor.py:186} INFO - Started process (PID=7253) to work on /opt/airflow/dags/python_operator_v1.py
[2024-10-20T15:32:57.587+0000] {processor.py:914} INFO - Processing file /opt/airflow/dags/python_operator_v1.py for tasks to queue
[2024-10-20T15:32:57.590+0000] {logging_mixin.py:190} INFO - [2024-10-20T15:32:57.590+0000] {dagbag.py:588} INFO - Filling up the DagBag from /opt/airflow/dags/python_operator_v1.py
[2024-10-20T15:32:57.617+0000] {processor.py:925} INFO - DAG(s) 'python_operator_v1' retrieved from /opt/airflow/dags/python_operator_v1.py
[2024-10-20T15:32:57.640+0000] {logging_mixin.py:190} INFO - [2024-10-20T15:32:57.640+0000] {dag.py:3239} INFO - Sync 1 DAGs
[2024-10-20T15:32:57.667+0000] {logging_mixin.py:190} INFO - [2024-10-20T15:32:57.667+0000] {dag.py:4180} INFO - Setting next_dagrun for python_operator_v1 to 2024-10-20 15:23:00+00:00, run_after=2024-10-20 15:24:00+00:00
[2024-10-20T15:32:57.689+0000] {processor.py:208} INFO - Processing /opt/airflow/dags/python_operator_v1.py took 0.112 seconds
[2024-10-20T15:33:27.949+0000] {processor.py:186} INFO - Started process (PID=7319) to work on /opt/airflow/dags/python_operator_v1.py
[2024-10-20T15:33:27.951+0000] {processor.py:914} INFO - Processing file /opt/airflow/dags/python_operator_v1.py for tasks to queue
[2024-10-20T15:33:27.955+0000] {logging_mixin.py:190} INFO - [2024-10-20T15:33:27.955+0000] {dagbag.py:588} INFO - Filling up the DagBag from /opt/airflow/dags/python_operator_v1.py
[2024-10-20T15:33:27.987+0000] {processor.py:925} INFO - DAG(s) 'python_operator_v1' retrieved from /opt/airflow/dags/python_operator_v1.py
[2024-10-20T15:33:28.009+0000] {logging_mixin.py:190} INFO - [2024-10-20T15:33:28.009+0000] {dag.py:3239} INFO - Sync 1 DAGs
[2024-10-20T15:33:28.040+0000] {logging_mixin.py:190} INFO - [2024-10-20T15:33:28.040+0000] {dag.py:4180} INFO - Setting next_dagrun for python_operator_v1 to 2024-10-20 15:23:00+00:00, run_after=2024-10-20 15:24:00+00:00
[2024-10-20T15:33:28.062+0000] {processor.py:208} INFO - Processing /opt/airflow/dags/python_operator_v1.py took 0.120 seconds
[2024-10-20T15:33:58.290+0000] {processor.py:186} INFO - Started process (PID=7386) to work on /opt/airflow/dags/python_operator_v1.py
[2024-10-20T15:33:58.292+0000] {processor.py:914} INFO - Processing file /opt/airflow/dags/python_operator_v1.py for tasks to queue
[2024-10-20T15:33:58.294+0000] {logging_mixin.py:190} INFO - [2024-10-20T15:33:58.294+0000] {dagbag.py:588} INFO - Filling up the DagBag from /opt/airflow/dags/python_operator_v1.py
[2024-10-20T15:33:58.321+0000] {processor.py:925} INFO - DAG(s) 'python_operator_v1' retrieved from /opt/airflow/dags/python_operator_v1.py
[2024-10-20T15:33:58.349+0000] {logging_mixin.py:190} INFO - [2024-10-20T15:33:58.348+0000] {dag.py:3239} INFO - Sync 1 DAGs
[2024-10-20T15:33:58.379+0000] {logging_mixin.py:190} INFO - [2024-10-20T15:33:58.378+0000] {dag.py:4180} INFO - Setting next_dagrun for python_operator_v1 to 2024-10-20 15:23:00+00:00, run_after=2024-10-20 15:24:00+00:00
[2024-10-20T15:33:58.397+0000] {processor.py:208} INFO - Processing /opt/airflow/dags/python_operator_v1.py took 0.114 seconds
[2024-10-20T15:34:28.595+0000] {processor.py:186} INFO - Started process (PID=7453) to work on /opt/airflow/dags/python_operator_v1.py
[2024-10-20T15:34:28.596+0000] {processor.py:914} INFO - Processing file /opt/airflow/dags/python_operator_v1.py for tasks to queue
[2024-10-20T15:34:28.598+0000] {logging_mixin.py:190} INFO - [2024-10-20T15:34:28.598+0000] {dagbag.py:588} INFO - Filling up the DagBag from /opt/airflow/dags/python_operator_v1.py
[2024-10-20T15:34:28.615+0000] {processor.py:925} INFO - DAG(s) 'python_operator_v1' retrieved from /opt/airflow/dags/python_operator_v1.py
[2024-10-20T15:34:28.632+0000] {logging_mixin.py:190} INFO - [2024-10-20T15:34:28.632+0000] {dag.py:3239} INFO - Sync 1 DAGs
[2024-10-20T15:34:28.666+0000] {logging_mixin.py:190} INFO - [2024-10-20T15:34:28.665+0000] {dag.py:4180} INFO - Setting next_dagrun for python_operator_v1 to 2024-10-20 15:23:00+00:00, run_after=2024-10-20 15:24:00+00:00
[2024-10-20T15:34:28.684+0000] {processor.py:208} INFO - Processing /opt/airflow/dags/python_operator_v1.py took 0.094 seconds
[2024-10-20T15:34:59.035+0000] {processor.py:186} INFO - Started process (PID=7520) to work on /opt/airflow/dags/python_operator_v1.py
[2024-10-20T15:34:59.036+0000] {processor.py:914} INFO - Processing file /opt/airflow/dags/python_operator_v1.py for tasks to queue
[2024-10-20T15:34:59.039+0000] {logging_mixin.py:190} INFO - [2024-10-20T15:34:59.039+0000] {dagbag.py:588} INFO - Filling up the DagBag from /opt/airflow/dags/python_operator_v1.py
[2024-10-20T15:34:59.067+0000] {processor.py:925} INFO - DAG(s) 'python_operator_v1' retrieved from /opt/airflow/dags/python_operator_v1.py
[2024-10-20T15:34:59.086+0000] {logging_mixin.py:190} INFO - [2024-10-20T15:34:59.086+0000] {dag.py:3239} INFO - Sync 1 DAGs
[2024-10-20T15:34:59.109+0000] {logging_mixin.py:190} INFO - [2024-10-20T15:34:59.109+0000] {dag.py:4180} INFO - Setting next_dagrun for python_operator_v1 to 2024-10-20 15:23:00+00:00, run_after=2024-10-20 15:24:00+00:00
[2024-10-20T15:34:59.130+0000] {processor.py:208} INFO - Processing /opt/airflow/dags/python_operator_v1.py took 0.101 seconds
[2024-10-20T15:35:30.080+0000] {processor.py:186} INFO - Started process (PID=7587) to work on /opt/airflow/dags/python_operator_v1.py
[2024-10-20T15:35:30.081+0000] {processor.py:914} INFO - Processing file /opt/airflow/dags/python_operator_v1.py for tasks to queue
[2024-10-20T15:35:30.084+0000] {logging_mixin.py:190} INFO - [2024-10-20T15:35:30.083+0000] {dagbag.py:588} INFO - Filling up the DagBag from /opt/airflow/dags/python_operator_v1.py
[2024-10-20T15:35:30.108+0000] {processor.py:925} INFO - DAG(s) 'python_operator_v1' retrieved from /opt/airflow/dags/python_operator_v1.py
[2024-10-20T15:35:30.129+0000] {logging_mixin.py:190} INFO - [2024-10-20T15:35:30.129+0000] {dag.py:3239} INFO - Sync 1 DAGs
[2024-10-20T15:35:30.152+0000] {logging_mixin.py:190} INFO - [2024-10-20T15:35:30.152+0000] {dag.py:4180} INFO - Setting next_dagrun for python_operator_v1 to 2024-10-20 15:23:00+00:00, run_after=2024-10-20 15:24:00+00:00
[2024-10-20T15:35:30.169+0000] {processor.py:208} INFO - Processing /opt/airflow/dags/python_operator_v1.py took 0.108 seconds
[2024-10-20T15:36:00.429+0000] {processor.py:186} INFO - Started process (PID=7654) to work on /opt/airflow/dags/python_operator_v1.py
[2024-10-20T15:36:00.431+0000] {processor.py:914} INFO - Processing file /opt/airflow/dags/python_operator_v1.py for tasks to queue
[2024-10-20T15:36:00.433+0000] {logging_mixin.py:190} INFO - [2024-10-20T15:36:00.433+0000] {dagbag.py:588} INFO - Filling up the DagBag from /opt/airflow/dags/python_operator_v1.py
[2024-10-20T15:36:00.458+0000] {processor.py:925} INFO - DAG(s) 'python_operator_v1' retrieved from /opt/airflow/dags/python_operator_v1.py
[2024-10-20T15:36:00.480+0000] {logging_mixin.py:190} INFO - [2024-10-20T15:36:00.480+0000] {dag.py:3239} INFO - Sync 1 DAGs
[2024-10-20T15:36:00.502+0000] {logging_mixin.py:190} INFO - [2024-10-20T15:36:00.502+0000] {dag.py:4180} INFO - Setting next_dagrun for python_operator_v1 to 2024-10-20 15:23:00+00:00, run_after=2024-10-20 15:24:00+00:00
[2024-10-20T15:36:00.521+0000] {processor.py:208} INFO - Processing /opt/airflow/dags/python_operator_v1.py took 0.099 seconds
[2024-10-20T15:36:31.138+0000] {processor.py:186} INFO - Started process (PID=7721) to work on /opt/airflow/dags/python_operator_v1.py
[2024-10-20T15:36:31.139+0000] {processor.py:914} INFO - Processing file /opt/airflow/dags/python_operator_v1.py for tasks to queue
[2024-10-20T15:36:31.142+0000] {logging_mixin.py:190} INFO - [2024-10-20T15:36:31.142+0000] {dagbag.py:588} INFO - Filling up the DagBag from /opt/airflow/dags/python_operator_v1.py
[2024-10-20T15:36:31.169+0000] {processor.py:925} INFO - DAG(s) 'python_operator_v1' retrieved from /opt/airflow/dags/python_operator_v1.py
[2024-10-20T15:36:31.189+0000] {logging_mixin.py:190} INFO - [2024-10-20T15:36:31.188+0000] {dag.py:3239} INFO - Sync 1 DAGs
[2024-10-20T15:36:31.213+0000] {logging_mixin.py:190} INFO - [2024-10-20T15:36:31.213+0000] {dag.py:4180} INFO - Setting next_dagrun for python_operator_v1 to 2024-10-20 15:23:00+00:00, run_after=2024-10-20 15:24:00+00:00
[2024-10-20T15:36:31.234+0000] {processor.py:208} INFO - Processing /opt/airflow/dags/python_operator_v1.py took 0.103 seconds
[2024-10-20T15:37:01.786+0000] {processor.py:186} INFO - Started process (PID=7788) to work on /opt/airflow/dags/python_operator_v1.py
[2024-10-20T15:37:01.788+0000] {processor.py:914} INFO - Processing file /opt/airflow/dags/python_operator_v1.py for tasks to queue
[2024-10-20T15:37:01.790+0000] {logging_mixin.py:190} INFO - [2024-10-20T15:37:01.790+0000] {dagbag.py:588} INFO - Filling up the DagBag from /opt/airflow/dags/python_operator_v1.py
[2024-10-20T15:37:01.815+0000] {processor.py:925} INFO - DAG(s) 'python_operator_v1' retrieved from /opt/airflow/dags/python_operator_v1.py
[2024-10-20T15:37:01.836+0000] {logging_mixin.py:190} INFO - [2024-10-20T15:37:01.835+0000] {dag.py:3239} INFO - Sync 1 DAGs
[2024-10-20T15:37:01.857+0000] {logging_mixin.py:190} INFO - [2024-10-20T15:37:01.857+0000] {dag.py:4180} INFO - Setting next_dagrun for python_operator_v1 to 2024-10-20 15:23:00+00:00, run_after=2024-10-20 15:24:00+00:00
[2024-10-20T15:37:01.876+0000] {processor.py:208} INFO - Processing /opt/airflow/dags/python_operator_v1.py took 0.098 seconds
[2024-10-20T15:37:32.110+0000] {processor.py:186} INFO - Started process (PID=7855) to work on /opt/airflow/dags/python_operator_v1.py
[2024-10-20T15:37:32.112+0000] {processor.py:914} INFO - Processing file /opt/airflow/dags/python_operator_v1.py for tasks to queue
[2024-10-20T15:37:32.115+0000] {logging_mixin.py:190} INFO - [2024-10-20T15:37:32.114+0000] {dagbag.py:588} INFO - Filling up the DagBag from /opt/airflow/dags/python_operator_v1.py
[2024-10-20T15:37:32.140+0000] {processor.py:925} INFO - DAG(s) 'python_operator_v1' retrieved from /opt/airflow/dags/python_operator_v1.py
[2024-10-20T15:37:32.160+0000] {logging_mixin.py:190} INFO - [2024-10-20T15:37:32.160+0000] {dag.py:3239} INFO - Sync 1 DAGs
[2024-10-20T15:37:32.197+0000] {logging_mixin.py:190} INFO - [2024-10-20T15:37:32.197+0000] {dag.py:4180} INFO - Setting next_dagrun for python_operator_v1 to 2024-10-20 15:23:00+00:00, run_after=2024-10-20 15:24:00+00:00
[2024-10-20T15:37:32.219+0000] {processor.py:208} INFO - Processing /opt/airflow/dags/python_operator_v1.py took 0.115 seconds
[2024-10-20T15:38:02.370+0000] {processor.py:186} INFO - Started process (PID=7922) to work on /opt/airflow/dags/python_operator_v1.py
[2024-10-20T15:38:02.371+0000] {processor.py:914} INFO - Processing file /opt/airflow/dags/python_operator_v1.py for tasks to queue
[2024-10-20T15:38:02.374+0000] {logging_mixin.py:190} INFO - [2024-10-20T15:38:02.373+0000] {dagbag.py:588} INFO - Filling up the DagBag from /opt/airflow/dags/python_operator_v1.py
[2024-10-20T15:38:02.396+0000] {processor.py:925} INFO - DAG(s) 'python_operator_v1' retrieved from /opt/airflow/dags/python_operator_v1.py
[2024-10-20T15:38:02.414+0000] {logging_mixin.py:190} INFO - [2024-10-20T15:38:02.414+0000] {dag.py:3239} INFO - Sync 1 DAGs
[2024-10-20T15:38:02.437+0000] {logging_mixin.py:190} INFO - [2024-10-20T15:38:02.436+0000] {dag.py:4180} INFO - Setting next_dagrun for python_operator_v1 to 2024-10-20 15:23:00+00:00, run_after=2024-10-20 15:24:00+00:00
[2024-10-20T15:38:02.456+0000] {processor.py:208} INFO - Processing /opt/airflow/dags/python_operator_v1.py took 0.092 seconds
[2024-10-20T15:38:32.812+0000] {processor.py:186} INFO - Started process (PID=7989) to work on /opt/airflow/dags/python_operator_v1.py
[2024-10-20T15:38:32.814+0000] {processor.py:914} INFO - Processing file /opt/airflow/dags/python_operator_v1.py for tasks to queue
[2024-10-20T15:38:32.816+0000] {logging_mixin.py:190} INFO - [2024-10-20T15:38:32.816+0000] {dagbag.py:588} INFO - Filling up the DagBag from /opt/airflow/dags/python_operator_v1.py
[2024-10-20T15:38:32.841+0000] {processor.py:925} INFO - DAG(s) 'python_operator_v1' retrieved from /opt/airflow/dags/python_operator_v1.py
[2024-10-20T15:38:32.861+0000] {logging_mixin.py:190} INFO - [2024-10-20T15:38:32.861+0000] {dag.py:3239} INFO - Sync 1 DAGs
[2024-10-20T15:38:32.883+0000] {logging_mixin.py:190} INFO - [2024-10-20T15:38:32.882+0000] {dag.py:4180} INFO - Setting next_dagrun for python_operator_v1 to 2024-10-20 15:23:00+00:00, run_after=2024-10-20 15:24:00+00:00
[2024-10-20T15:38:32.904+0000] {processor.py:208} INFO - Processing /opt/airflow/dags/python_operator_v1.py took 0.097 seconds
[2024-10-20T16:04:37.816+0000] {processor.py:186} INFO - Started process (PID=8057) to work on /opt/airflow/dags/python_operator_v1.py
[2024-10-20T16:04:37.817+0000] {processor.py:914} INFO - Processing file /opt/airflow/dags/python_operator_v1.py for tasks to queue
[2024-10-20T16:04:37.821+0000] {logging_mixin.py:190} INFO - [2024-10-20T16:04:37.820+0000] {dagbag.py:588} INFO - Filling up the DagBag from /opt/airflow/dags/python_operator_v1.py
[2024-10-20T16:04:37.843+0000] {processor.py:925} INFO - DAG(s) 'python_operator_v1' retrieved from /opt/airflow/dags/python_operator_v1.py
[2024-10-20T16:04:37.869+0000] {logging_mixin.py:190} INFO - [2024-10-20T16:04:37.869+0000] {dag.py:3239} INFO - Sync 1 DAGs
[2024-10-20T16:04:37.903+0000] {logging_mixin.py:190} INFO - [2024-10-20T16:04:37.902+0000] {dag.py:4180} INFO - Setting next_dagrun for python_operator_v1 to 2024-10-20 15:23:00+00:00, run_after=2024-10-20 15:24:00+00:00
[2024-10-20T16:04:37.936+0000] {processor.py:208} INFO - Processing /opt/airflow/dags/python_operator_v1.py took 0.129 seconds
[2024-10-20T16:05:08.014+0000] {processor.py:186} INFO - Started process (PID=8123) to work on /opt/airflow/dags/python_operator_v1.py
[2024-10-20T16:05:08.016+0000] {processor.py:914} INFO - Processing file /opt/airflow/dags/python_operator_v1.py for tasks to queue
[2024-10-20T16:05:08.019+0000] {logging_mixin.py:190} INFO - [2024-10-20T16:05:08.019+0000] {dagbag.py:588} INFO - Filling up the DagBag from /opt/airflow/dags/python_operator_v1.py
[2024-10-20T16:05:08.042+0000] {processor.py:925} INFO - DAG(s) 'python_operator_v1' retrieved from /opt/airflow/dags/python_operator_v1.py
[2024-10-20T16:05:08.061+0000] {logging_mixin.py:190} INFO - [2024-10-20T16:05:08.061+0000] {dag.py:3239} INFO - Sync 1 DAGs
[2024-10-20T16:05:08.085+0000] {logging_mixin.py:190} INFO - [2024-10-20T16:05:08.085+0000] {dag.py:4180} INFO - Setting next_dagrun for python_operator_v1 to 2024-10-20 15:23:00+00:00, run_after=2024-10-20 15:24:00+00:00
[2024-10-20T16:05:08.106+0000] {processor.py:208} INFO - Processing /opt/airflow/dags/python_operator_v1.py took 0.097 seconds
[2024-10-20T16:05:38.613+0000] {processor.py:186} INFO - Started process (PID=8191) to work on /opt/airflow/dags/python_operator_v1.py
[2024-10-20T16:05:38.614+0000] {processor.py:914} INFO - Processing file /opt/airflow/dags/python_operator_v1.py for tasks to queue
[2024-10-20T16:05:38.619+0000] {logging_mixin.py:190} INFO - [2024-10-20T16:05:38.618+0000] {dagbag.py:588} INFO - Filling up the DagBag from /opt/airflow/dags/python_operator_v1.py
[2024-10-20T16:05:38.659+0000] {processor.py:925} INFO - DAG(s) 'python_operator_v1' retrieved from /opt/airflow/dags/python_operator_v1.py
[2024-10-20T16:05:38.679+0000] {logging_mixin.py:190} INFO - [2024-10-20T16:05:38.679+0000] {dag.py:3239} INFO - Sync 1 DAGs
[2024-10-20T16:05:38.702+0000] {logging_mixin.py:190} INFO - [2024-10-20T16:05:38.702+0000] {dag.py:4180} INFO - Setting next_dagrun for python_operator_v1 to 2024-10-20 15:23:00+00:00, run_after=2024-10-20 15:24:00+00:00
[2024-10-20T16:05:38.725+0000] {processor.py:208} INFO - Processing /opt/airflow/dags/python_operator_v1.py took 0.120 seconds
[2024-10-20T16:06:08.788+0000] {processor.py:186} INFO - Started process (PID=8259) to work on /opt/airflow/dags/python_operator_v1.py
[2024-10-20T16:06:08.789+0000] {processor.py:914} INFO - Processing file /opt/airflow/dags/python_operator_v1.py for tasks to queue
[2024-10-20T16:06:08.792+0000] {logging_mixin.py:190} INFO - [2024-10-20T16:06:08.791+0000] {dagbag.py:588} INFO - Filling up the DagBag from /opt/airflow/dags/python_operator_v1.py
[2024-10-20T16:06:08.820+0000] {processor.py:925} INFO - DAG(s) 'python_operator_v1' retrieved from /opt/airflow/dags/python_operator_v1.py
[2024-10-20T16:06:08.842+0000] {logging_mixin.py:190} INFO - [2024-10-20T16:06:08.841+0000] {dag.py:3239} INFO - Sync 1 DAGs
[2024-10-20T16:06:08.867+0000] {logging_mixin.py:190} INFO - [2024-10-20T16:06:08.866+0000] {dag.py:4180} INFO - Setting next_dagrun for python_operator_v1 to 2024-10-20 15:23:00+00:00, run_after=2024-10-20 15:24:00+00:00
[2024-10-20T16:06:08.887+0000] {processor.py:208} INFO - Processing /opt/airflow/dags/python_operator_v1.py took 0.106 seconds
[2024-10-20T16:06:39.232+0000] {processor.py:186} INFO - Started process (PID=8326) to work on /opt/airflow/dags/python_operator_v1.py
[2024-10-20T16:06:39.233+0000] {processor.py:914} INFO - Processing file /opt/airflow/dags/python_operator_v1.py for tasks to queue
[2024-10-20T16:06:39.235+0000] {logging_mixin.py:190} INFO - [2024-10-20T16:06:39.235+0000] {dagbag.py:588} INFO - Filling up the DagBag from /opt/airflow/dags/python_operator_v1.py
[2024-10-20T16:06:39.257+0000] {processor.py:925} INFO - DAG(s) 'python_operator_v1' retrieved from /opt/airflow/dags/python_operator_v1.py
[2024-10-20T16:06:39.277+0000] {logging_mixin.py:190} INFO - [2024-10-20T16:06:39.276+0000] {dag.py:3239} INFO - Sync 1 DAGs
[2024-10-20T16:06:39.298+0000] {logging_mixin.py:190} INFO - [2024-10-20T16:06:39.298+0000] {dag.py:4180} INFO - Setting next_dagrun for python_operator_v1 to 2024-10-20 15:23:00+00:00, run_after=2024-10-20 15:24:00+00:00
[2024-10-20T16:06:39.318+0000] {processor.py:208} INFO - Processing /opt/airflow/dags/python_operator_v1.py took 0.092 seconds
[2024-10-20T16:07:09.742+0000] {processor.py:186} INFO - Started process (PID=8393) to work on /opt/airflow/dags/python_operator_v1.py
[2024-10-20T16:07:09.743+0000] {processor.py:914} INFO - Processing file /opt/airflow/dags/python_operator_v1.py for tasks to queue
[2024-10-20T16:07:09.746+0000] {logging_mixin.py:190} INFO - [2024-10-20T16:07:09.746+0000] {dagbag.py:588} INFO - Filling up the DagBag from /opt/airflow/dags/python_operator_v1.py
[2024-10-20T16:07:09.767+0000] {processor.py:925} INFO - DAG(s) 'python_operator_v1' retrieved from /opt/airflow/dags/python_operator_v1.py
[2024-10-20T16:07:09.786+0000] {logging_mixin.py:190} INFO - [2024-10-20T16:07:09.786+0000] {dag.py:3239} INFO - Sync 1 DAGs
[2024-10-20T16:07:09.811+0000] {logging_mixin.py:190} INFO - [2024-10-20T16:07:09.811+0000] {dag.py:4180} INFO - Setting next_dagrun for python_operator_v1 to 2024-10-20 15:23:00+00:00, run_after=2024-10-20 15:24:00+00:00
[2024-10-20T16:07:09.830+0000] {processor.py:208} INFO - Processing /opt/airflow/dags/python_operator_v1.py took 0.096 seconds
